package configuration for openssl is not found
have_library: checking for main() in -lssl... -------------------- no

"gcc -o conftest.exe -IC:/Bitnami/spree-2.3.1-0/ruby/include/ruby-2.0.0/i386-mingw32 -IC:/Bitnami/spree-2.3.1-0/ruby/include/ruby-2.0.0/ruby/backward -IC:/Bitnami/spree-2.3.1-0/ruby/include/ruby-2.0.0 -I. -DFD_SETSIZE=2048 -D_WIN32_WINNT=0x0501 -D_FILE_OFFSET_BITS=64   -O3 -fno-omit-frame-pointer -fno-fast-math -g -Wall -Wextra -Wno-unused-parameter -Wno-parentheses -Wno-long-long -Wno-missing-field-initializers -Wunused-variable -Wpointer-arith -Wwrite-strings -Wdeclaration-after-statement -Wimplicit-function-declaration conftest.c  -L. -LC:/Bitnami/spree-2.3.1-0/ruby/lib -L.      -lmsvcrt-ruby200  -lshell32 -lws2_32 -limagehlp -lshlwapi  "
checked program was:
/* begin */
1: #include "ruby.h"
2: 
3: #include <winsock2.h>
4: #include <windows.h>
5: int main(int argc, char **argv)
6: {
7:   return 0;
8: }
/* end */

"gcc -o conftest.exe -IC:/Bitnami/spree-2.3.1-0/ruby/include/ruby-2.0.0/i386-mingw32 -IC:/Bitnami/spree-2.3.1-0/ruby/include/ruby-2.0.0/ruby/backward -IC:/Bitnami/spree-2.3.1-0/ruby/include/ruby-2.0.0 -I. -DFD_SETSIZE=2048 -D_WIN32_WINNT=0x0501 -D_FILE_OFFSET_BITS=64   -O3 -fno-omit-frame-pointer -fno-fast-math -g -Wall -Wextra -Wno-unused-parameter -Wno-parentheses -Wno-long-long -Wno-missing-field-initializers -Wunused-variable -Wpointer-arith -Wwrite-strings -Wdeclaration-after-statement -Wimplicit-function-declaration conftest.c  -L. -LC:/Bitnami/spree-2.3.1-0/ruby/lib -L.      -lmsvcrt-ruby200  -lssl -lshell32 -lws2_32 -limagehlp -lshlwapi  "
conftest.c: In function 't':
conftest.c:8:57: error: 'main' undeclared (first use in this function)
conftest.c:8:57: note: each undeclared identifier is reported only once for each function it appears in
checked program was:
/* begin */
 1: #include "ruby.h"
 2: 
 3: #include <winsock2.h>
 4: #include <windows.h>
 5: 
 6: /*top*/
 7: extern int t(void);
 8: int t(void) { void ((*volatile p)()); p = (void ((*)()))main; return 0; }
 9: int main(int argc, char **argv)
10: {
11:   if (argc > 1000000) {
12:     printf("%p", &t);
13:   }
14: 
15:   return 0;
16: }
/* end */

"gcc -o conftest.exe -IC:/Bitnami/spree-2.3.1-0/ruby/include/ruby-2.0.0/i386-mingw32 -IC:/Bitnami/spree-2.3.1-0/ruby/include/ruby-2.0.0/ruby/backward -IC:/Bitnami/spree-2.3.1-0/ruby/include/ruby-2.0.0 -I. -DFD_SETSIZE=2048 -D_WIN32_WINNT=0x0501 -D_FILE_OFFSET_BITS=64   -O3 -fno-omit-frame-pointer -fno-fast-math -g -Wall -Wextra -Wno-unused-parameter -Wno-parentheses -Wno-long-long -Wno-missing-field-initializers -Wunused-variable -Wpointer-arith -Wwrite-strings -Wdeclaration-after-statement -Wimplicit-function-declaration conftest.c  -L. -LC:/Bitnami/spree-2.3.1-0/ruby/lib -L.      -lmsvcrt-ruby200  -lssl -lshell32 -lws2_32 -limagehlp -lshlwapi  "
conftest.c: In function 't':
conftest.c:8:1: warning: implicit declaration of function 'main'
conftest.c:11:6: warning: 'argc' is used uninitialized in this function
conftest.c:8:5: note: 'argc' was declared here
c:/bitnami/spree-2.3.1-0/devkit/mingw/bin/../lib/gcc/mingw32/4.5.2/../../../../mingw32/bin/ld.exe: cannot find -lssl
collect2: ld returned 1 exit status
checked program was:
/* begin */
 1: #include "ruby.h"
 2: 
 3: #include <winsock2.h>
 4: #include <windows.h>
 5: 
 6: /*top*/
 7: extern int t(void);
 8: int t(void) { main(); return 0; }
 9: int main(int argc, char **argv)
10: {
11:   if (argc > 1000000) {
12:     printf("%p", &t);
13:   }
14: 
15:   return 0;
16: }
/* end */

--------------------

have_var: checking for rb_trap_immediate in ruby.h,rubysig.h... -------------------- no

"gcc -IC:/Bitnami/spree-2.3.1-0/ruby/include/ruby-2.0.0/i386-mingw32 -IC:/Bitnami/spree-2.3.1-0/ruby/include/ruby-2.0.0/ruby/backward -IC:/Bitnami/spree-2.3.1-0/ruby/include/ruby-2.0.0 -I. -DFD_SETSIZE=2048 -D_WIN32_WINNT=0x0501 -D_FILE_OFFSET_BITS=64   -O3 -fno-omit-frame-pointer -fno-fast-math -g -Wall -Wextra -Wno-unused-parameter -Wno-parentheses -Wno-long-long -Wno-missing-field-initializers -Wunused-variable -Wpointer-arith -Wwrite-strings -Wdeclaration-after-statement -Wimplicit-function-declaration   -c conftest.c"
In file included from conftest.c:6:0:
C:/Bitnami/spree-2.3.1-0/ruby/include/ruby-2.0.0/ruby/backward/rubysig.h:14:2: warning: #warning rubysig.h is obsolete
conftest.c: In function 't':
conftest.c:10:55: error: 'rb_trap_immediate' undeclared (first use in this function)
conftest.c:10:55: note: each undeclared identifier is reported only once for each function it appears in
checked program was:
/* begin */
 1: #include "ruby.h"
 2: 
 3: #include <winsock2.h>
 4: #include <windows.h>
 5: #include <ruby.h>
 6: #include <rubysig.h>
 7: 
 8: /*top*/
 9: extern int t(void);
10: int t(void) { const volatile void *volatile p; p = &(&rb_trap_immediate)[0]; return 0; }
11: int main(int argc, char **argv)
12: {
13:   if (argc > 1000000) {
14:     printf("%p", &t);
15:   }
16: 
17:   return 0;
18: }
/* end */

--------------------

have_func: checking for rb_thread_blocking_region()... -------------------- yes

"gcc -o conftest.exe -IC:/Bitnami/spree-2.3.1-0/ruby/include/ruby-2.0.0/i386-mingw32 -IC:/Bitnami/spree-2.3.1-0/ruby/include/ruby-2.0.0/ruby/backward -IC:/Bitnami/spree-2.3.1-0/ruby/include/ruby-2.0.0 -I. -DFD_SETSIZE=2048 -D_WIN32_WINNT=0x0501 -D_FILE_OFFSET_BITS=64   -O3 -fno-omit-frame-pointer -fno-fast-math -g -Wall -Wextra -Wno-unused-parameter -Wno-parentheses -Wno-long-long -Wno-missing-field-initializers -Wunused-variable -Wpointer-arith -Wwrite-strings -Wdeclaration-after-statement -Wimplicit-function-declaration conftest.c  -L. -LC:/Bitnami/spree-2.3.1-0/ruby/lib -L.      -lmsvcrt-ruby200  -lshell32 -lws2_32 -limagehlp -lshlwapi  "
conftest.c: In function 't':
conftest.c:8:1: warning: 'rb_thread_blocking_region' is deprecated (declared at C:/Bitnami/spree-2.3.1-0/ruby/include/ruby-2.0.0/ruby/intern.h:841)
checked program was:
/* begin */
 1: #include "ruby.h"
 2: 
 3: #include <winsock2.h>
 4: #include <windows.h>
 5: 
 6: /*top*/
 7: extern int t(void);
 8: int t(void) { void ((*volatile p)()); p = (void ((*)()))rb_thread_blocking_region; return 0; }
 9: int main(int argc, char **argv)
10: {
11:   if (argc > 1000000) {
12:     printf("%p", &t);
13:   }
14: 
15:   return 0;
16: }
/* end */

--------------------

have_func: checking for inotify_init() in sys/inotify.h... -------------------- no

"gcc -o conftest.exe -IC:/Bitnami/spree-2.3.1-0/ruby/include/ruby-2.0.0/i386-mingw32 -IC:/Bitnami/spree-2.3.1-0/ruby/include/ruby-2.0.0/ruby/backward -IC:/Bitnami/spree-2.3.1-0/ruby/include/ruby-2.0.0 -I. -DFD_SETSIZE=2048 -D_WIN32_WINNT=0x0501 -D_FILE_OFFSET_BITS=64   -O3 -fno-omit-frame-pointer -fno-fast-math -g -Wall -Wextra -Wno-unused-parameter -Wno-parentheses -Wno-long-long -Wno-missing-field-initializers -Wunused-variable -Wpointer-arith -Wwrite-strings -Wdeclaration-after-statement -Wimplicit-function-declaration conftest.c  -L. -LC:/Bitnami/spree-2.3.1-0/ruby/lib -L.      -lmsvcrt-ruby200  -lshell32 -lws2_32 -limagehlp -lshlwapi  "
conftest.c:5:25: fatal error: sys/inotify.h: No such file or directory
compilation terminated.
checked program was:
/* begin */
 1: #include "ruby.h"
 2: 
 3: #include <winsock2.h>
 4: #include <windows.h>
 5: #include <sys/inotify.h>
 6: 
 7: /*top*/
 8: extern int t(void);
 9: int t(void) { void ((*volatile p)()); p = (void ((*)()))inotify_init; return 0; }
10: int main(int argc, char **argv)
11: {
12:   if (argc > 1000000) {
13:     printf("%p", &t);
14:   }
15: 
16:   return 0;
17: }
/* end */

"gcc -o conftest.exe -IC:/Bitnami/spree-2.3.1-0/ruby/include/ruby-2.0.0/i386-mingw32 -IC:/Bitnami/spree-2.3.1-0/ruby/include/ruby-2.0.0/ruby/backward -IC:/Bitnami/spree-2.3.1-0/ruby/include/ruby-2.0.0 -I. -DFD_SETSIZE=2048 -D_WIN32_WINNT=0x0501 -D_FILE_OFFSET_BITS=64   -O3 -fno-omit-frame-pointer -fno-fast-math -g -Wall -Wextra -Wno-unused-parameter -Wno-parentheses -Wno-long-long -Wno-missing-field-initializers -Wunused-variable -Wpointer-arith -Wwrite-strings -Wdeclaration-after-statement -Wimplicit-function-declaration conftest.c  -L. -LC:/Bitnami/spree-2.3.1-0/ruby/lib -L.      -lmsvcrt-ruby200  -lshell32 -lws2_32 -limagehlp -lshlwapi  "
conftest.c:5:25: fatal error: sys/inotify.h: No such file or directory
compilation terminated.
checked program was:
/* begin */
 1: #include "ruby.h"
 2: 
 3: #include <winsock2.h>
 4: #include <windows.h>
 5: #include <sys/inotify.h>
 6: 
 7: /*top*/
 8: extern int t(void);
 9: int t(void) { inotify_init(); return 0; }
10: int main(int argc, char **argv)
11: {
12:   if (argc > 1000000) {
13:     printf("%p", &t);
14:   }
15: 
16:   return 0;
17: }
/* end */

--------------------

have_macro: checking for __NR_inotify_init in sys/syscall.h... -------------------- no

"gcc -IC:/Bitnami/spree-2.3.1-0/ruby/include/ruby-2.0.0/i386-mingw32 -IC:/Bitnami/spree-2.3.1-0/ruby/include/ruby-2.0.0/ruby/backward -IC:/Bitnami/spree-2.3.1-0/ruby/include/ruby-2.0.0 -I. -DFD_SETSIZE=2048 -D_WIN32_WINNT=0x0501 -D_FILE_OFFSET_BITS=64   -O3 -fno-omit-frame-pointer -fno-fast-math -g -Wall -Wextra -Wno-unused-parameter -Wno-parentheses -Wno-long-long -Wno-missing-field-initializers -Wunused-variable -Wpointer-arith -Wwrite-strings -Wdeclaration-after-statement -Wimplicit-function-declaration   -c conftest.c"
conftest.c:5:25: fatal error: sys/syscall.h: No such file or directory
compilation terminated.
checked program was:
/* begin */
 1: #include "ruby.h"
 2: 
 3: #include <winsock2.h>
 4: #include <windows.h>
 5: #include <sys/syscall.h>
 6: /*top*/
 7: #ifndef __NR_inotify_init
 8: # error
 9: |:/ === __NR_inotify_init undefined === /:|
10: #endif
/* end */

--------------------

have_func: checking for writev() in sys/uio.h... -------------------- no

"gcc -o conftest.exe -IC:/Bitnami/spree-2.3.1-0/ruby/include/ruby-2.0.0/i386-mingw32 -IC:/Bitnami/spree-2.3.1-0/ruby/include/ruby-2.0.0/ruby/backward -IC:/Bitnami/spree-2.3.1-0/ruby/include/ruby-2.0.0 -I. -DFD_SETSIZE=2048 -D_WIN32_WINNT=0x0501 -D_FILE_OFFSET_BITS=64   -O3 -fno-omit-frame-pointer -fno-fast-math -g -Wall -Wextra -Wno-unused-parameter -Wno-parentheses -Wno-long-long -Wno-missing-field-initializers -Wunused-variable -Wpointer-arith -Wwrite-strings -Wdeclaration-after-statement -Wimplicit-function-declaration conftest.c  -L. -LC:/Bitnami/spree-2.3.1-0/ruby/lib -L.      -lmsvcrt-ruby200  -lshell32 -lws2_32 -limagehlp -lshlwapi  "
conftest.c:5:21: fatal error: sys/uio.h: No such file or directory
compilation terminated.
checked program was:
/* begin */
 1: #include "ruby.h"
 2: 
 3: #include <winsock2.h>
 4: #include <windows.h>
 5: #include <sys/uio.h>
 6: 
 7: /*top*/
 8: extern int t(void);
 9: int t(void) { void ((*volatile p)()); p = (void ((*)()))writev; return 0; }
10: int main(int argc, char **argv)
11: {
12:   if (argc > 1000000) {
13:     printf("%p", &t);
14:   }
15: 
16:   return 0;
17: }
/* end */

"gcc -o conftest.exe -IC:/Bitnami/spree-2.3.1-0/ruby/include/ruby-2.0.0/i386-mingw32 -IC:/Bitnami/spree-2.3.1-0/ruby/include/ruby-2.0.0/ruby/backward -IC:/Bitnami/spree-2.3.1-0/ruby/include/ruby-2.0.0 -I. -DFD_SETSIZE=2048 -D_WIN32_WINNT=0x0501 -D_FILE_OFFSET_BITS=64   -O3 -fno-omit-frame-pointer -fno-fast-math -g -Wall -Wextra -Wno-unused-parameter -Wno-parentheses -Wno-long-long -Wno-missing-field-initializers -Wunused-variable -Wpointer-arith -Wwrite-strings -Wdeclaration-after-statement -Wimplicit-function-declaration conftest.c  -L. -LC:/Bitnami/spree-2.3.1-0/ruby/lib -L.      -lmsvcrt-ruby200  -lshell32 -lws2_32 -limagehlp -lshlwapi  "
conftest.c:5:21: fatal error: sys/uio.h: No such file or directory
compilation terminated.
checked program was:
/* begin */
 1: #include "ruby.h"
 2: 
 3: #include <winsock2.h>
 4: #include <windows.h>
 5: #include <sys/uio.h>
 6: 
 7: /*top*/
 8: extern int t(void);
 9: int t(void) { writev(); return 0; }
10: int main(int argc, char **argv)
11: {
12:   if (argc > 1000000) {
13:     printf("%p", &t);
14:   }
15: 
16:   return 0;
17: }
/* end */

--------------------

have_func: checking for rb_wait_for_single_fd()... -------------------- yes

"gcc -o conftest.exe -IC:/Bitnami/spree-2.3.1-0/ruby/include/ruby-2.0.0/i386-mingw32 -IC:/Bitnami/spree-2.3.1-0/ruby/include/ruby-2.0.0/ruby/backward -IC:/Bitnami/spree-2.3.1-0/ruby/include/ruby-2.0.0 -I. -DFD_SETSIZE=2048 -D_WIN32_WINNT=0x0501 -D_FILE_OFFSET_BITS=64   -O3 -fno-omit-frame-pointer -fno-fast-math -g -Wall -Wextra -Wno-unused-parameter -Wno-parentheses -Wno-long-long -Wno-missing-field-initializers -Wunused-variable -Wpointer-arith -Wwrite-strings -Wdeclaration-after-statement -Wimplicit-function-declaration conftest.c  -L. -LC:/Bitnami/spree-2.3.1-0/ruby/lib -L.      -lmsvcrt-ruby200  -lshell32 -lws2_32 -limagehlp -lshlwapi  "
conftest.c: In function 't':
conftest.c:8:57: error: 'rb_wait_for_single_fd' undeclared (first use in this function)
conftest.c:8:57: note: each undeclared identifier is reported only once for each function it appears in
checked program was:
/* begin */
 1: #include "ruby.h"
 2: 
 3: #include <winsock2.h>
 4: #include <windows.h>
 5: 
 6: /*top*/
 7: extern int t(void);
 8: int t(void) { void ((*volatile p)()); p = (void ((*)()))rb_wait_for_single_fd; return 0; }
 9: int main(int argc, char **argv)
10: {
11:   if (argc > 1000000) {
12:     printf("%p", &t);
13:   }
14: 
15:   return 0;
16: }
/* end */

"gcc -o conftest.exe -IC:/Bitnami/spree-2.3.1-0/ruby/include/ruby-2.0.0/i386-mingw32 -IC:/Bitnami/spree-2.3.1-0/ruby/include/ruby-2.0.0/ruby/backward -IC:/Bitnami/spree-2.3.1-0/ruby/include/ruby-2.0.0 -I. -DFD_SETSIZE=2048 -D_WIN32_WINNT=0x0501 -D_FILE_OFFSET_BITS=64   -O3 -fno-omit-frame-pointer -fno-fast-math -g -Wall -Wextra -Wno-unused-parameter -Wno-parentheses -Wno-long-long -Wno-missing-field-initializers -Wunused-variable -Wpointer-arith -Wwrite-strings -Wdeclaration-after-statement -Wimplicit-function-declaration conftest.c  -L. -LC:/Bitnami/spree-2.3.1-0/ruby/lib -L.      -lmsvcrt-ruby200  -lshell32 -lws2_32 -limagehlp -lshlwapi  "
conftest.c: In function 't':
conftest.c:8:1: warning: implicit declaration of function 'rb_wait_for_single_fd'
checked program was:
/* begin */
 1: #include "ruby.h"
 2: 
 3: #include <winsock2.h>
 4: #include <windows.h>
 5: 
 6: /*top*/
 7: extern int t(void);
 8: int t(void) { rb_wait_for_single_fd(); return 0; }
 9: int main(int argc, char **argv)
10: {
11:   if (argc > 1000000) {
12:     printf("%p", &t);
13:   }
14: 
15:   return 0;
16: }
/* end */

--------------------

have_func: checking for rb_enable_interrupt()... -------------------- no

"gcc -o conftest.exe -IC:/Bitnami/spree-2.3.1-0/ruby/include/ruby-2.0.0/i386-mingw32 -IC:/Bitnami/spree-2.3.1-0/ruby/include/ruby-2.0.0/ruby/backward -IC:/Bitnami/spree-2.3.1-0/ruby/include/ruby-2.0.0 -I. -DFD_SETSIZE=2048 -D_WIN32_WINNT=0x0501 -D_FILE_OFFSET_BITS=64   -O3 -fno-omit-frame-pointer -fno-fast-math -g -Wall -Wextra -Wno-unused-parameter -Wno-parentheses -Wno-long-long -Wno-missing-field-initializers -Wunused-variable -Wpointer-arith -Wwrite-strings -Wdeclaration-after-statement -Wimplicit-function-declaration conftest.c  -L. -LC:/Bitnami/spree-2.3.1-0/ruby/lib -L.      -lmsvcrt-ruby200  -lshell32 -lws2_32 -limagehlp -lshlwapi  "
conftest.c: In function 't':
conftest.c:8:57: error: 'rb_enable_interrupt' undeclared (first use in this function)
conftest.c:8:57: note: each undeclared identifier is reported only once for each function it appears in
checked program was:
/* begin */
 1: #include "ruby.h"
 2: 
 3: #include <winsock2.h>
 4: #include <windows.h>
 5: 
 6: /*top*/
 7: extern int t(void);
 8: int t(void) { void ((*volatile p)()); p = (void ((*)()))rb_enable_interrupt; return 0; }
 9: int main(int argc, char **argv)
10: {
11:   if (argc > 1000000) {
12:     printf("%p", &t);
13:   }
14: 
15:   return 0;
16: }
/* end */

"gcc -o conftest.exe -IC:/Bitnami/spree-2.3.1-0/ruby/include/ruby-2.0.0/i386-mingw32 -IC:/Bitnami/spree-2.3.1-0/ruby/include/ruby-2.0.0/ruby/backward -IC:/Bitnami/spree-2.3.1-0/ruby/include/ruby-2.0.0 -I. -DFD_SETSIZE=2048 -D_WIN32_WINNT=0x0501 -D_FILE_OFFSET_BITS=64   -O3 -fno-omit-frame-pointer -fno-fast-math -g -Wall -Wextra -Wno-unused-parameter -Wno-parentheses -Wno-long-long -Wno-missing-field-initializers -Wunused-variable -Wpointer-arith -Wwrite-strings -Wdeclaration-after-statement -Wimplicit-function-declaration conftest.c  -L. -LC:/Bitnami/spree-2.3.1-0/ruby/lib -L.      -lmsvcrt-ruby200  -lshell32 -lws2_32 -limagehlp -lshlwapi  "
conftest.c: In function 't':
conftest.c:8:1: warning: implicit declaration of function 'rb_enable_interrupt'
C:\Users\asce\AppData\Local\Temp\ccTzMwlk.o: In function `t':
C:\Bitnami\spree-2.3.1-0\ruby\lib\ruby\gems\2.0.0\gems\eventmachine-1.0.2\ext/conftest.c:8: undefined reference to `rb_enable_interrupt'
collect2: ld returned 1 exit status
checked program was:
/* begin */
 1: #include "ruby.h"
 2: 
 3: #include <winsock2.h>
 4: #include <windows.h>
 5: 
 6: /*top*/
 7: extern int t(void);
 8: int t(void) { rb_enable_interrupt(); return 0; }
 9: int main(int argc, char **argv)
10: {
11:   if (argc > 1000000) {
12:     printf("%p", &t);
13:   }
14: 
15:   return 0;
16: }
/* end */

--------------------

have_func: checking for rb_time_new()... -------------------- yes

"gcc -o conftest.exe -IC:/Bitnami/spree-2.3.1-0/ruby/include/ruby-2.0.0/i386-mingw32 -IC:/Bitnami/spree-2.3.1-0/ruby/include/ruby-2.0.0/ruby/backward -IC:/Bitnami/spree-2.3.1-0/ruby/include/ruby-2.0.0 -I. -DFD_SETSIZE=2048 -D_WIN32_WINNT=0x0501 -D_FILE_OFFSET_BITS=64   -O3 -fno-omit-frame-pointer -fno-fast-math -g -Wall -Wextra -Wno-unused-parameter -Wno-parentheses -Wno-long-long -Wno-missing-field-initializers -Wunused-variable -Wpointer-arith -Wwrite-strings -Wdeclaration-after-statement -Wimplicit-function-declaration conftest.c  -L. -LC:/Bitnami/spree-2.3.1-0/ruby/lib -L.      -lmsvcrt-ruby200  -lshell32 -lws2_32 -limagehlp -lshlwapi  "
checked program was:
/* begin */
 1: #include "ruby.h"
 2: 
 3: #include <winsock2.h>
 4: #include <windows.h>
 5: 
 6: /*top*/
 7: extern int t(void);
 8: int t(void) { void ((*volatile p)()); p = (void ((*)()))rb_time_new; return 0; }
 9: int main(int argc, char **argv)
10: {
11:   if (argc > 1000000) {
12:     printf("%p", &t);
13:   }
14: 
15:   return 0;
16: }
/* end */

--------------------

have_header: checking for windows.h... -------------------- yes

"gcc -E -IC:/Bitnami/spree-2.3.1-0/ruby/include/ruby-2.0.0/i386-mingw32 -IC:/Bitnami/spree-2.3.1-0/ruby/include/ruby-2.0.0/ruby/backward -IC:/Bitnami/spree-2.3.1-0/ruby/include/ruby-2.0.0 -I. -DFD_SETSIZE=2048 -D_WIN32_WINNT=0x0501 -D_FILE_OFFSET_BITS=64   -O3 -fno-omit-frame-pointer -fno-fast-math -g -Wall -Wextra -Wno-unused-parameter -Wno-parentheses -Wno-long-long -Wno-missing-field-initializers -Wunused-variable -Wpointer-arith -Wwrite-strings -Wdeclaration-after-statement -Wimplicit-function-declaration  conftest.c -o conftest.i"
checked program was:
/* begin */
1: #include "ruby.h"
2: 
3: #include <winsock2.h>
4: #include <windows.h>
5: #include <windows.h>
/* end */

--------------------

have_header: checking for winsock.h... -------------------- yes

"gcc -E -IC:/Bitnami/spree-2.3.1-0/ruby/include/ruby-2.0.0/i386-mingw32 -IC:/Bitnami/spree-2.3.1-0/ruby/include/ruby-2.0.0/ruby/backward -IC:/Bitnami/spree-2.3.1-0/ruby/include/ruby-2.0.0 -I. -DFD_SETSIZE=2048 -D_WIN32_WINNT=0x0501 -D_FILE_OFFSET_BITS=64   -O3 -fno-omit-frame-pointer -fno-fast-math -g -Wall -Wextra -Wno-unused-parameter -Wno-parentheses -Wno-long-long -Wno-missing-field-initializers -Wunused-variable -Wpointer-arith -Wwrite-strings -Wdeclaration-after-statement -Wimplicit-function-declaration  conftest.c -o conftest.i"
checked program was:
/* begin */
1: #include "ruby.h"
2: 
3: #include <winsock2.h>
4: #include <windows.h>
5: #include <winsock.h>
/* end */

--------------------

have_library: checking for main() in -lkernel32... -------------------- yes

"gcc -o conftest.exe -IC:/Bitnami/spree-2.3.1-0/ruby/include/ruby-2.0.0/i386-mingw32 -IC:/Bitnami/spree-2.3.1-0/ruby/include/ruby-2.0.0/ruby/backward -IC:/Bitnami/spree-2.3.1-0/ruby/include/ruby-2.0.0 -I. -DFD_SETSIZE=2048 -D_WIN32_WINNT=0x0501 -D_FILE_OFFSET_BITS=64   -O3 -fno-omit-frame-pointer -fno-fast-math -g -Wall -Wextra -Wno-unused-parameter -Wno-parentheses -Wno-long-long -Wno-missing-field-initializers -Wunused-variable -Wpointer-arith -Wwrite-strings -Wdeclaration-after-statement -Wimplicit-function-declaration conftest.c  -L. -LC:/Bitnami/spree-2.3.1-0/ruby/lib -L.      -lmsvcrt-ruby200  -lkernel32 -lshell32 -lws2_32 -limagehlp -lshlwapi  "
conftest.c: In function 't':
conftest.c:8:57: error: 'main' undeclared (first use in this function)
conftest.c:8:57: note: each undeclared identifier is reported only once for each function it appears in
checked program was:
/* begin */
 1: #include "ruby.h"
 2: 
 3: #include <winsock2.h>
 4: #include <windows.h>
 5: 
 6: /*top*/
 7: extern int t(void);
 8: int t(void) { void ((*volatile p)()); p = (void ((*)()))main; return 0; }
 9: int main(int argc, char **argv)
10: {
11:   if (argc > 1000000) {
12:     printf("%p", &t);
13:   }
14: 
15:   return 0;
16: }
/* end */

"gcc -o conftest.exe -IC:/Bitnami/spree-2.3.1-0/ruby/include/ruby-2.0.0/i386-mingw32 -IC:/Bitnami/spree-2.3.1-0/ruby/include/ruby-2.0.0/ruby/backward -IC:/Bitnami/spree-2.3.1-0/ruby/include/ruby-2.0.0 -I. -DFD_SETSIZE=2048 -D_WIN32_WINNT=0x0501 -D_FILE_OFFSET_BITS=64   -O3 -fno-omit-frame-pointer -fno-fast-math -g -Wall -Wextra -Wno-unused-parameter -Wno-parentheses -Wno-long-long -Wno-missing-field-initializers -Wunused-variable -Wpointer-arith -Wwrite-strings -Wdeclaration-after-statement -Wimplicit-function-declaration conftest.c  -L. -LC:/Bitnami/spree-2.3.1-0/ruby/lib -L.      -lmsvcrt-ruby200  -lkernel32 -lshell32 -lws2_32 -limagehlp -lshlwapi  "
conftest.c: In function 't':
conftest.c:8:1: warning: implicit declaration of function 'main'
conftest.c:11:6: warning: 'argc' is used uninitialized in this function
conftest.c:8:5: note: 'argc' was declared here
checked program was:
/* begin */
 1: #include "ruby.h"
 2: 
 3: #include <winsock2.h>
 4: #include <windows.h>
 5: 
 6: /*top*/
 7: extern int t(void);
 8: int t(void) { main(); return 0; }
 9: int main(int argc, char **argv)
10: {
11:   if (argc > 1000000) {
12:     printf("%p", &t);
13:   }
14: 
15:   return 0;
16: }
/* end */

--------------------

have_library: checking for main() in -lrpcrt4... -------------------- yes

"gcc -o conftest.exe -IC:/Bitnami/spree-2.3.1-0/ruby/include/ruby-2.0.0/i386-mingw32 -IC:/Bitnami/spree-2.3.1-0/ruby/include/ruby-2.0.0/ruby/backward -IC:/Bitnami/spree-2.3.1-0/ruby/include/ruby-2.0.0 -I. -DFD_SETSIZE=2048 -D_WIN32_WINNT=0x0501 -D_FILE_OFFSET_BITS=64   -O3 -fno-omit-frame-pointer -fno-fast-math -g -Wall -Wextra -Wno-unused-parameter -Wno-parentheses -Wno-long-long -Wno-missing-field-initializers -Wunused-variable -Wpointer-arith -Wwrite-strings -Wdeclaration-after-statement -Wimplicit-function-declaration conftest.c  -L. -LC:/Bitnami/spree-2.3.1-0/ruby/lib -L.      -lkernel32 -lmsvcrt-ruby200  -lkernel32 -lrpcrt4 -lshell32 -lws2_32 -limagehlp -lshlwapi  "
conftest.c: In function 't':
conftest.c:8:57: error: 'main' undeclared (first use in this function)
conftest.c:8:57: note: each undeclared identifier is reported only once for each function it appears in
checked program was:
/* begin */
 1: #include "ruby.h"
 2: 
 3: #include <winsock2.h>
 4: #include <windows.h>
 5: 
 6: /*top*/
 7: extern int t(void);
 8: int t(void) { void ((*volatile p)()); p = (void ((*)()))main; return 0; }
 9: int main(int argc, char **argv)
10: {
11:   if (argc > 1000000) {
12:     printf("%p", &t);
13:   }
14: 
15:   return 0;
16: }
/* end */

"gcc -o conftest.exe -IC:/Bitnami/spree-2.3.1-0/ruby/include/ruby-2.0.0/i386-mingw32 -IC:/Bitnami/spree-2.3.1-0/ruby/include/ruby-2.0.0/ruby/backward -IC:/Bitnami/spree-2.3.1-0/ruby/include/ruby-2.0.0 -I. -DFD_SETSIZE=2048 -D_WIN32_WINNT=0x0501 -D_FILE_OFFSET_BITS=64   -O3 -fno-omit-frame-pointer -fno-fast-math -g -Wall -Wextra -Wno-unused-parameter -Wno-parentheses -Wno-long-long -Wno-missing-field-initializers -Wunused-variable -Wpointer-arith -Wwrite-strings -Wdeclaration-after-statement -Wimplicit-function-declaration conftest.c  -L. -LC:/Bitnami/spree-2.3.1-0/ruby/lib -L.      -lkernel32 -lmsvcrt-ruby200  -lkernel32 -lrpcrt4 -lshell32 -lws2_32 -limagehlp -lshlwapi  "
conftest.c: In function 't':
conftest.c:8:1: warning: implicit declaration of function 'main'
conftest.c:11:6: warning: 'argc' is used uninitialized in this function
conftest.c:8:5: note: 'argc' was declared here
checked program was:
/* begin */
 1: #include "ruby.h"
 2: 
 3: #include <winsock2.h>
 4: #include <windows.h>
 5: 
 6: /*top*/
 7: extern int t(void);
 8: int t(void) { main(); return 0; }
 9: int main(int argc, char **argv)
10: {
11:   if (argc > 1000000) {
12:     printf("%p", &t);
13:   }
14: 
15:   return 0;
16: }
/* end */

--------------------

have_library: checking for main() in -lgdi32... -------------------- yes

"gcc -o conftest.exe -IC:/Bitnami/spree-2.3.1-0/ruby/include/ruby-2.0.0/i386-mingw32 -IC:/Bitnami/spree-2.3.1-0/ruby/include/ruby-2.0.0/ruby/backward -IC:/Bitnami/spree-2.3.1-0/ruby/include/ruby-2.0.0 -I. -DFD_SETSIZE=2048 -D_WIN32_WINNT=0x0501 -D_FILE_OFFSET_BITS=64   -O3 -fno-omit-frame-pointer -fno-fast-math -g -Wall -Wextra -Wno-unused-parameter -Wno-parentheses -Wno-long-long -Wno-missing-field-initializers -Wunused-variable -Wpointer-arith -Wwrite-strings -Wdeclaration-after-statement -Wimplicit-function-declaration conftest.c  -L. -LC:/Bitnami/spree-2.3.1-0/ruby/lib -L.      -lkernel32 -lrpcrt4 -lmsvcrt-ruby200  -lkernel32 -lrpcrt4 -lgdi32 -lshell32 -lws2_32 -limagehlp -lshlwapi  "
conftest.c: In function 't':
conftest.c:8:57: error: 'main' undeclared (first use in this function)
conftest.c:8:57: note: each undeclared identifier is reported only once for each function it appears in
checked program was:
/* begin */
 1: #include "ruby.h"
 2: 
 3: #include <winsock2.h>
 4: #include <windows.h>
 5: 
 6: /*top*/
 7: extern int t(void);
 8: int t(void) { void ((*volatile p)()); p = (void ((*)()))main; return 0; }
 9: int main(int argc, char **argv)
10: {
11:   if (argc > 1000000) {
12:     printf("%p", &t);
13:   }
14: 
15:   return 0;
16: }
/* end */

"gcc -o conftest.exe -IC:/Bitnami/spree-2.3.1-0/ruby/include/ruby-2.0.0/i386-mingw32 -IC:/Bitnami/spree-2.3.1-0/ruby/include/ruby-2.0.0/ruby/backward -IC:/Bitnami/spree-2.3.1-0/ruby/include/ruby-2.0.0 -I. -DFD_SETSIZE=2048 -D_WIN32_WINNT=0x0501 -D_FILE_OFFSET_BITS=64   -O3 -fno-omit-frame-pointer -fno-fast-math -g -Wall -Wextra -Wno-unused-parameter -Wno-parentheses -Wno-long-long -Wno-missing-field-initializers -Wunused-variable -Wpointer-arith -Wwrite-strings -Wdeclaration-after-statement -Wimplicit-function-declaration conftest.c  -L. -LC:/Bitnami/spree-2.3.1-0/ruby/lib -L.      -lkernel32 -lrpcrt4 -lmsvcrt-ruby200  -lkernel32 -lrpcrt4 -lgdi32 -lshell32 -lws2_32 -limagehlp -lshlwapi  "
conftest.c: In function 't':
conftest.c:8:1: warning: implicit declaration of function 'main'
conftest.c:11:6: warning: 'argc' is used uninitialized in this function
conftest.c:8:5: note: 'argc' was declared here
checked program was:
/* begin */
 1: #include "ruby.h"
 2: 
 3: #include <winsock2.h>
 4: #include <windows.h>
 5: 
 6: /*top*/
 7: extern int t(void);
 8: int t(void) { main(); return 0; }
 9: int main(int argc, char **argv)
10: {
11:   if (argc > 1000000) {
12:     printf("%p", &t);
13:   }
14: 
15:   return 0;
16: }
/* end */

--------------------

"g++ -o conftest.exe -IC:/Bitnami/spree-2.3.1-0/ruby/include/ruby-2.0.0/i386-mingw32 -IC:/Bitnami/spree-2.3.1-0/ruby/include/ruby-2.0.0/ruby/backward -IC:/Bitnami/spree-2.3.1-0/ruby/include/ruby-2.0.0 -I. -DFD_SETSIZE=2048 -D_WIN32_WINNT=0x0501 -D_FILE_OFFSET_BITS=64   -O3 -fno-omit-frame-pointer -fno-fast-math -g -Wall -Wextra -Wno-unused-parameter -Wno-parentheses -Wno-long-long -Wno-missing-field-initializers -Wunused-variable -Wpointer-arith -Wwrite-strings -Wdeclaration-after-statement -Wimplicit-function-declaration conftest.c  -L. -LC:/Bitnami/spree-2.3.1-0/ruby/lib -L.      -lkernel32 -lrpcrt4 -lgdi32 -lmsvcrt-ruby200 -lstdc++ -lshell32 -lws2_32 -limagehlp -lshlwapi  "
cc1plus.exe: warning: command line option "-Wdeclaration-after-statement" is valid for C/ObjC but not for C++
cc1plus.exe: warning: command line option "-Wimplicit-function-declaration" is valid for C/ObjC but not for C++
checked program was:
/* begin */
1: #include "ruby.h"
2: 
3: #include <winsock2.h>
4: #include <windows.h>
5:   #include <utility>
6:   using namespace std;
7:   int main(){ pair<int,int> tuple = make_pair(1,2); }
/* end */

